2026-05-08 19:00:10,644 [INFO] API-REPOSITORIUM: Sistema RepositóriUM Search Engine a iniciar em modo development...
2026-05-08 19:00:10,649 [WARNING] INDEXER: Ficheiro de índice năo encontrado.
2026-05-08 19:00:10,651 [INFO] QUERY-ENGINE: QueryEngine inicializado.
2026-05-08 19:00:42,722 [INFO] QUERY-ENGINE: Pesquisa iniciada: 'cognitive' [Scope: all] [Method: Custom]
2026-05-08 19:00:55,152 [INFO] QUERY-ENGINE: Pesquisa iniciada: 'sector' [Scope: all] [Method: Custom]
2026-05-08 19:00:57,716 [INFO] QUERY-ENGINE: Pesquisa iniciada: 'sector' [Scope: all] [Method: Custom]
2026-05-08 19:01:11,326 [INFO] QUERY-ENGINE: Pesquisa iniciada: 'sector' [Scope: all] [Method: Custom]
2026-05-08 19:21:46,428 [INFO] API-REPOSITORIUM: Sistema RepositóriUM Search Engine a iniciar em modo development...
2026-05-08 19:21:46,482 [WARNING] INDEXER: Ficheiro de índice năo encontrado.
2026-05-08 19:21:46,486 [INFO] QUERY-ENGINE: QueryEngine inicializado.
2026-05-08 19:22:05,987 [INFO] API-REPOSITORIUM: Sistema RepositóriUM Search Engine a iniciar em modo development...
2026-05-08 19:22:05,998 [WARNING] INDEXER: Ficheiro de índice năo encontrado.
2026-05-08 19:22:06,002 [INFO] QUERY-ENGINE: QueryEngine inicializado.
2026-05-08 19:22:12,342 [INFO] QUERY-ENGINE: Pesquisa iniciada: 'sector' [Scope: all] [Method: Custom]
2026-05-08 19:23:42,769 [INFO] API-REPOSITORIUM: Sistema RepositóriUM Search Engine a iniciar em modo development...
2026-05-08 19:23:42,779 [WARNING] INDEXER: Ficheiro de índice năo encontrado.
2026-05-08 19:23:42,787 [INFO] INDEXER: A processar 110 documentos em lotes de 50...
2026-05-08 19:23:55,505 [INFO] INDEXER: Lote concluído: 50/110
2026-05-08 19:23:55,726 [INFO] INDEXER: Lote concluído: 100/110
2026-05-08 19:23:55,783 [INFO] INDEXER: Lote concluído: 110/110
2026-05-08 19:23:56,925 [INFO] INDEXER: Indexaçăo concluída: 14.14s | Vocabulário: 21302 termos.
2026-05-08 19:23:56,935 [INFO] QUERY-ENGINE: QueryEngine inicializado.
2026-05-08 19:23:57,001 [INFO] QUERY-ENGINE: Pesquisa iniciada: 'sector' [Scope: all] [Method: Custom]
2026-05-08 19:24:43,949 [INFO] QUERY-ENGINE: Pesquisa iniciada: 'Filipa' [Scope: all] [Method: Custom]
2026-05-08 19:24:46,500 [INFO] QUERY-ENGINE: Pesquisa iniciada: 'Filipa' [Scope: all] [Method: Custom]
2026-05-08 19:24:47,581 [INFO] QUERY-ENGINE: Pesquisa iniciada: 'Filipa' [Scope: all] [Method: Custom]
2026-05-08 19:26:02,272 [INFO] QUERY-ENGINE: Pesquisa iniciada: 'tese NOT blockchain' [Scope: all] [Method: Custom]
2026-05-08 19:27:01,488 [INFO] QUERY-ENGINE: Pesquisa iniciada: 'sector' [Scope: all] [Method: Custom]
2026-05-08 19:33:17,668 [INFO] API-REPOSITORIUM: Sistema RepositóriUM Search Engine a iniciar em modo development...
2026-05-08 19:33:17,681 [WARNING] INDEXER: Ficheiro de índice năo encontrado.
2026-05-08 19:33:17,697 [INFO] INDEXER: A processar 110 documentos em lotes de 50...
2026-05-08 19:33:29,820 [INFO] INDEXER: Lote concluído: 50/110
2026-05-08 19:33:30,056 [INFO] INDEXER: Lote concluído: 100/110
2026-05-08 19:33:30,114 [INFO] INDEXER: Lote concluído: 110/110
2026-05-08 19:33:31,318 [INFO] INDEXER: Indexaçăo concluída: 13.64s | Vocabulário: 21302 termos.
2026-05-08 19:33:31,320 [INFO] QUERY-ENGINE: QueryEngine inicializado.
2026-05-08 19:33:49,356 [INFO] QUERY-ENGINE: Pesquisa iniciada: 'cognitive' [Scope: all] [Method: Custom]
2026-05-08 19:34:06,745 [INFO] QUERY-ENGINE: Pesquisa iniciada: 'cognitive' [Scope: all] [Method: Custom]
2026-05-08 19:34:08,087 [INFO] QUERY-ENGINE: Pesquisa iniciada: 'cognitive' [Scope: all] [Method: Custom]
2026-05-08 19:34:08,583 [INFO] QUERY-ENGINE: Pesquisa iniciada: 'cognitive' [Scope: all] [Method: Custom]
2026-05-08 19:34:08,899 [INFO] QUERY-ENGINE: Pesquisa iniciada: 'cognitive' [Scope: all] [Method: Custom]
2026-05-08 19:34:09,204 [INFO] QUERY-ENGINE: Pesquisa iniciada: 'cognitive' [Scope: all] [Method: Custom]
2026-05-08 19:34:09,394 [INFO] QUERY-ENGINE: Pesquisa iniciada: 'cognitive' [Scope: all] [Method: Custom]
2026-05-08 19:34:09,592 [INFO] QUERY-ENGINE: Pesquisa iniciada: 'cognitive' [Scope: all] [Method: Custom]
2026-05-08 19:34:09,766 [INFO] QUERY-ENGINE: Pesquisa iniciada: 'cognitive' [Scope: all] [Method: Custom]
2026-05-12 16:38:01,564 [INFO] API-REPOSITORIUM: Sistema RepositóriUM Search Engine a iniciar em modo development...
2026-05-12 16:38:01,606 [WARNING] INDEXER: Ficheiro de índice năo encontrado.
2026-05-12 16:38:01,642 [INFO] INDEXER: A processar 110 documentos em lotes de 50...
2026-05-12 16:38:19,612 [INFO] INDEXER: Lote concluído: 50/110
2026-05-12 16:38:19,785 [INFO] INDEXER: Lote concluído: 100/110
2026-05-12 16:38:19,828 [INFO] INDEXER: Lote concluído: 110/110
2026-05-12 16:38:20,585 [INFO] INDEXER: Indexaçăo concluída: 18.98s | Vocabulário: 21302 termos.
2026-05-12 16:38:20,587 [INFO] QUERY-ENGINE: QueryEngine inicializado.
